#
# A fatal error has been detected by the Java Runtime Environment:
#
#  EXCEPTION_ACCESS_VIOLATION (0xc0000005) at pc=0x00007ffa462abffa, pid=12224, tid=13912
#
# JRE version: Java(TM) SE Runtime Environment (17.0.1+12) (build 17.0.1+12-LTS-39)
# Java VM: Java HotSpot(TM) 64-Bit Server VM (17.0.1+12-LTS-39, mixed mode, sharing, tiered, compressed oops, compressed class ptrs, g1 gc, windows-amd64)
# Problematic frame:
# V  [jvm.dll+0x73bffa]
#
# No core dump will be written. Minidumps are not enabled by default on client versions of Windows
#
# If you would like to submit a bug report, please visit:
#   https://bugreport.java.com/bugreport/crash.jsp
#

---------------  S U M M A R Y ------------

Command Line: -XX:+ShowCodeDetailsInExceptionMessages -agentlib:jdwp=transport=dt_socket,suspend=y,address=localhost:51120 -javaagent:C:\Users\Julien Cazorla\eclipse\java-2020-09\eclipse\configuration\org.eclipse.osgi\980\0\.cp\lib\javaagent-shaded.jar -Dfile.encoding=UTF-8 annees.annee2021.jour12.Annee2021Jour12Exercice2

Host: Intel(R) Core(TM) i7-6700K CPU @ 4.00GHz, 8 cores, 15G,  Windows 10 , 64 bit Build 19041 (10.0.19041.1348)
Time: Sun Dec 12 12:35:55 2021 Paris, Madrid elapsed time: 203.241917 seconds (0d 0h 3m 23s)

---------------  T H R E A D  ---------------

Current thread (0x000001c6c2173df0):  JavaThread "JDWP Transport Listener: dt_socket" daemon [_thread_in_vm, id=13912, stack(0x000000569f900000,0x000000569fa00000)]

Stack: [0x000000569f900000,0x000000569fa00000],  sp=0x000000569f9ff3b0,  free space=1020k
Native frames: (J=compiled Java code, j=interpreted, Vv=VM code, C=native code)
V  [jvm.dll+0x73bffa]
V  [jvm.dll+0x50483c]
V  [jvm.dll+0x4d0154]
C  [jdwp.dll+0x22e9f]


siginfo: EXCEPTION_ACCESS_VIOLATION (0xc0000005), reading address 0x00000000003f0042


Register to memory mapping:

RIP=0x00007ffa462abffa jvm.dll
RAX=0x000000000000003d is an unknown value
RBX=0x000001c6c15f8571 points into unknown readable memory: 6e 73 2f 6c 61 6e 67
RCX=0x00000000003f003e is an unknown value
RDX=0x000001c6c3c9e510 points into unknown readable memory: 0x2f7365656e6e614c | 4c 61 6e 6e 65 65 73 2f
RSP=0x000000569f9ff3b0 is pointing into the stack for thread: 0x000001c6c2173df0
RBP=0x000001c6c2161b10 points into unknown readable memory: 0x0000000200000002 | 02 00 00 00 02 00 00 00
RSI=0x0 is NULL
RDI=0xffffffffffffffff is an unknown value
R8 =0x00000000000003fc is an unknown value
R9 =0x0000000000000040 is an unknown value
R10=0x00000000000003c0 is an unknown value
R11=0x000000569f9ff3d0 is pointing into the stack for thread: 0x000001c6c2173df0
R12=0x000000569f9ff508 is pointing into the stack for thread: 0x000001c6c2173df0
R13=0x0 is NULL
R14=0x0000000800d179f0 is a pointer to class: 
annees.annee2021.jour12.Chemin {0x0000000800d179f8}
 - instance size:     4
 - klass size:        166
 - access:            public synchronized 
 - state:             fully_initialized
 - name:              'annees/annee2021/jour12/Chemin'
 - super:             'java/util/ArrayList'
 - sub:               
 - arrays:            NULL
 - methods:           Array<T>(0x000001c6c1c80578)
 - method ordering:   Array<T>(0x000001c6c4631eb0)
 - default_methods:   Array<T>(0x000001c6c461b780)
 - default vtable indices:   Array<T>(0x000001c6c461b7a0)
 - local interfaces:  Array<T>(0x00000008005af218)
 - trans. interfaces: Array<T>(0x0000000800b31a30)
 - constants:         constant pool [76] {0x000001c6c461afe8} for 'annees/annee2021/jour12/Chemin' cache=0x000001c6c461b7b0
 - class loader data:  loader data: 0x000001c6c2057600 for instance a 'jdk/internal/loader/ClassLoaders$AppClassLoader'{0x000000070e42f560}
 - source file:       'Chemin.java'
 - source debug extension:       SMAP
Chemin.java
Java
*S jdt
*F
1 Chemin.java
2 file:/D:/Documents/workspace/advent-of-code/Java/target/classes/
*L
*E

 - class annotations:       Array<T>(0x0000000000000000)
 - class type annotations:  Array<T>(0x0000000000000000)
 - field annotations:       Array<T>(0x0000000000000000)
 - field type annotations:  Array<T>(0x0000000000000000)
 - generic signature: '
[error occurred during error reporting (printing register info), id 0xc0000005, EXCEPTION_ACCESS_VIOLATION (0xc0000005) at pc=0x00007ffa462acc06]

Registers:
RAX=0x000000000000003d, RBX=0x000001c6c15f8571, RCX=0x00000000003f003e, RDX=0x000001c6c3c9e510
RSP=0x000000569f9ff3b0, RBP=0x000001c6c2161b10, RSI=0x0000000000000000, RDI=0xffffffffffffffff
R8 =0x00000000000003fc, R9 =0x0000000000000040, R10=0x00000000000003c0, R11=0x000000569f9ff3d0
R12=0x000000569f9ff508, R13=0x0000000000000000, R14=0x0000000800d179f0, R15=0x000000569f9ff530
RIP=0x00007ffa462abffa, EFLAGS=0x0000000000010202

Top of Stack: (sp=0x000000569f9ff3b0)
0x000000569f9ff3b0:   000000000000001e 0000000800d179f0
0x000000569f9ff3c0:   000001c6c3c9da30 00007ffa998147b1
0x000000569f9ff3d0:   ffffffffffffffff 00007ffa4607483c
0x000000569f9ff3e0:   000001c6c15f8571 000001c6c15f8550
0x000000569f9ff3f0:   000001c6c2161b10 0000000000000000
0x000000569f9ff400:   000001c6c15f8520 00000000000003d8
0x000000569f9ff410:   000001c6c15f8530 000001c6c15f8908
0x000000569f9ff420:   0000000000005b01 000000569f9ff508
0x000000569f9ff430:   0000000000000007 000001c6c2174098
0x000000569f9ff440:   0000000710be5f88 00007ffa46040154
0x000000569f9ff450:   000001c6c2173df0 000000569f9ff530
0x000000569f9ff460:   000001c69c80ee10 000000569f9ff530
0x000000569f9ff470:   000001c6c2173df0 0000000000000000
0x000000569f9ff480:   0000000000000000 0000000000000000
0x000000569f9ff490:   000001c6c217da90 00007ffa91032e9f
0x000000569f9ff4a0:   000000569f9ff528 00007ffa91041830 

Instructions: (pc=0x00007ffa462abffa)
0x00007ffa462abefa:   48 83 c4 20 5f e9 cc 86 96 ff cc cc cc cc cc cc
0x00007ffa462abf0a:   cc cc cc cc cc cc 48 89 5c 24 08 57 48 83 ec 20
0x00007ffa462abf1a:   83 fa 02 8d 42 06 b9 08 00 00 00 49 8b d8 0f 4e
0x00007ffa462abf2a:   c1 48 63 c8 48 83 c1 07 83 e1 f8 48 63 f9 49 8b
0x00007ffa462abf3a:   48 18 48 8b c7 48 f7 d0 48 3b c1 73 16 4c 8d 05
0x00007ffa462abf4a:   7a 47 17 00 48 8b d7 48 8b cb e8 d7 e9 96 ff 48
0x00007ffa462abf5a:   8b 4b 18 48 8d 04 39 48 3b 43 20 76 18 45 33 c0
0x00007ffa462abf6a:   48 8b d7 48 8b cb 48 8b 5c 24 30 48 83 c4 20 5f
0x00007ffa462abf7a:   e9 31 e6 96 ff 48 89 43 18 48 8b c1 48 8b 5c 24
0x00007ffa462abf8a:   30 48 83 c4 20 5f c3 cc cc cc cc cc cc cc cc cc
0x00007ffa462abf9a:   cc cc cc cc cc cc 4c 8b d2 4c 8b d9 45 85 c0 7e
0x00007ffa462abfaa:   3c 44 0f b7 49 04 41 8d 40 ff 41 3b c1 44 0f 4c
0x00007ffa462abfba:   c8 4d 63 c1 45 85 c9 7e 1f 48 8b c2 4c 2b da 49
0x00007ffa462abfca:   8b d0 0f 1f 40 00 41 0f b6 4c 03 06 88 08 48 8d
0x00007ffa462abfda:   40 01 48 83 ea 01 75 ee 43 c6 04 10 00 49 8b c2
0x00007ffa462abfea:   c3 cc cc cc cc cc 48 89 5c 24 08 57 48 83 ec 20
0x00007ffa462abffa:   0f b7 59 04 48 8b f9 33 d2 48 8d 4b 01 e8 14 9b
0x00007ffa462ac00a:   f8 ff 0f b7 57 04 4c 8b c0 3b da 0f 42 d3 44 8b
0x00007ffa462ac01a:   ca 85 d2 74 39 48 2b f8 0f 1f 40 00 66 66 0f 1f
0x00007ffa462ac02a:   84 00 00 00 00 00 0f b6 4c 07 06 88 08 48 ff c0
0x00007ffa462ac03a:   48 8b c8 49 2b c8 49 3b c9 7c eb 42 c6 04 02 00
0x00007ffa462ac04a:   49 8b c0 48 8b 5c 24 30 48 83 c4 20 5f c3 48 8b
0x00007ffa462ac05a:   5c 24 30 c6 04 02 00 48 83 c4 20 5f c3 cc cc cc
0x00007ffa462ac06a:   cc cc cc cc cc cc 4c 8b d1 45 85 c0 7e 6c 44 0f
0x00007ffa462ac07a:   b7 49 04 41 8d 40 ff 41 3b c1 44 0f 4c c8 4d 63
0x00007ffa462ac08a:   d9 45 85 c9 7e 22 48 8b ca 4c 2b d2 4d 8b c3 0f
0x00007ffa462ac09a:   1f 80 00 00 00 00 41 0f b6 44 0a 06 88 01 48 8d
0x00007ffa462ac0aa:   49 01 49 83 e8 01 75 ee 41 c6 04 13 00 48 c7 c0
0x00007ffa462ac0ba:   ff ff ff ff 66 90 48 ff c0 80 3c 02 00 75 f7 48
0x00007ffa462ac0ca:   63 c8 85 c0 48 8b c2 7e 14 80 38 2f 75 03 c6 00
0x00007ffa462ac0da:   2e 48 ff c0 48 83 e9 01 75 ef 48 8b c2 c3 cc cc
0x00007ffa462ac0ea:   cc cc cc cc cc cc 48 83 ec 28 e8 f7 fe ff ff 4c 


Stack slot to memory mapping:
stack at sp + 0 slots: 0x000000000000001e is an unknown value
stack at sp + 1 slots: 0x0000000800d179f0 is a pointer to class: 
annees.annee2021.jour12.Chemin {0x0000000800d179f8}
 - instance size:     4
 - klass size:        166
 - access:            public synchronized 
 - state:             fully_initialized
 - name:              'annees/annee2021/jour12/Chemin'
 - super:             'java/util/ArrayList'
 - sub:               
 - arrays:            NULL
 - methods:           Array<T>(0x000001c6c1c80578)
 - method ordering:   Array<T>(0x000001c6c4631eb0)
 - default_methods:   Array<T>(0x000001c6c461b780)
 - default vtable indices:   Array<T>(0x000001c6c461b7a0)
 - local interfaces:  Array<T>(0x00000008005af218)
 - trans. interfaces: Array<T>(0x0000000800b31a30)
 - constants:         constant pool [76] {0x000001c6c461afe8} for 'annees/annee2021/jour12/Chemin' cache=0x000001c6c461b7b0
 - class loader data:  loader data: 0x000001c6c2057600 for instance a 'jdk/internal/loader/ClassLoaders$AppClassLoader'{0x000000070e42f560}
 - source file:       'Chemin.java'
 - source debug extension:       SMAP
Chemin.java
Java
*S jdt
*F
1 Chemin.java
2 file:/D:/Documents/workspace/advent-of-code/Java/target/classes/
*L
*E

 - class annotations:       Array<T>(0x0000000000000000)
 - class type annotations:  Array<T>(0x0000000000000000)
 - field annotations:       Array<T>(0x0000000000000000)
 - field type annotations:  Array<T>(0x0000000000000000)
 - generic signature: '
[error occurred during error reporting (inspecting top of stack), id 0xc0000005, EXCEPTION_ACCESS_VIOLATION (0xc0000005) at pc=0x00007ffa462acc06]


---------------  P R O C E S S  ---------------

Threads class SMR info:
_java_thread_list=0x000001c6c3c9bff0, length=16, elements={
0x000001c69c8ea030, 0x000001c6c15b0290, 0x000001c6c15b1970, 0x000001c6c15c0410,
0x000001c6c15c0fc0, 0x000001c6c15c4120, 0x000001c6c15c9850, 0x000001c6c15cd540,
0x000001c6c15cfc00, 0x000001c6c15d29b0, 0x000001c6c20df8b0, 0x000001c6c2173df0,
0x000001c6c2175ca0, 0x000001c6c2176190, 0x000001c6c20dd230, 0x000001c6c20ddbd0
}

Java Threads: ( => current thread )
  0x000001c69c8ea030 JavaThread "main" [_thread_blocked, id=7884, stack(0x000000569e800000,0x000000569e900000)]
  0x000001c6c15b0290 JavaThread "Reference Handler" daemon [_thread_blocked, id=17296, stack(0x000000569ef00000,0x000000569f000000)]
  0x000001c6c15b1970 JavaThread "Finalizer" daemon [_thread_blocked, id=12232, stack(0x000000569f000000,0x000000569f100000)]
  0x000001c6c15c0410 JavaThread "Signal Dispatcher" daemon [_thread_blocked, id=4252, stack(0x000000569f100000,0x000000569f200000)]
  0x000001c6c15c0fc0 JavaThread "Attach Listener" daemon [_thread_blocked, id=14304, stack(0x000000569f200000,0x000000569f300000)]
  0x000001c6c15c4120 JavaThread "Service Thread" daemon [_thread_blocked, id=8224, stack(0x000000569f300000,0x000000569f400000)]
  0x000001c6c15c9850 JavaThread "Monitor Deflation Thread" daemon [_thread_blocked, id=10452, stack(0x000000569f400000,0x000000569f500000)]
  0x000001c6c15cd540 JavaThread "C2 CompilerThread0" daemon [_thread_blocked, id=2176, stack(0x000000569f500000,0x000000569f600000)]
  0x000001c6c15cfc00 JavaThread "C1 CompilerThread0" daemon [_thread_blocked, id=11372, stack(0x000000569f600000,0x000000569f700000)]
  0x000001c6c15d29b0 JavaThread "Sweeper thread" daemon [_thread_blocked, id=18292, stack(0x000000569f700000,0x000000569f800000)]
  0x000001c6c20df8b0 JavaThread "Common-Cleaner" daemon [_thread_blocked, id=4484, stack(0x000000569f800000,0x000000569f900000)]
=>0x000001c6c2173df0 JavaThread "JDWP Transport Listener: dt_socket" daemon [_thread_in_vm, id=13912, stack(0x000000569f900000,0x000000569fa00000)]
  0x000001c6c2175ca0 JavaThread "JDWP Event Helper Thread" daemon [_thread_blocked, id=12456, stack(0x000000569fa00000,0x000000569fb00000)]
  0x000001c6c2176190 JavaThread "JDWP Command Reader" daemon [_thread_in_native, id=636, stack(0x000000569fb00000,0x000000569fc00000)]
  0x000001c6c20dd230 JavaThread "Notification Thread" daemon [_thread_blocked, id=18068, stack(0x000000569fd00000,0x000000569fe00000)]
  0x000001c6c20ddbd0 JavaThread "Log4j2-TF-3-Scheduled-1" daemon [_thread_blocked, id=16028, stack(0x00000056a0600000,0x00000056a0700000)]

Other Threads:
  0x000001c6c15aa560 VMThread "VM Thread" [stack: 0x000000569ee00000,0x000000569ef00000] [id=13220]
  0x000001c6c2282180 WatcherThread [stack: 0x000000569fe00000,0x000000569ff00000] [id=4556]
  0x000001c69c9392c0 GCTaskThread "GC Thread#0" [stack: 0x000000569e900000,0x000000569ea00000] [id=17324]
  0x000001c6c2a1c310 GCTaskThread "GC Thread#1" [stack: 0x000000569ff00000,0x00000056a0000000] [id=13136]
  0x000001c6c2a1c5c0 GCTaskThread "GC Thread#2" [stack: 0x00000056a0000000,0x00000056a0100000] [id=8136]
  0x000001c6c2b56e10 GCTaskThread "GC Thread#3" [stack: 0x00000056a0100000,0x00000056a0200000] [id=6752]
  0x000001c6c2b570c0 GCTaskThread "GC Thread#4" [stack: 0x00000056a0200000,0x00000056a0300000] [id=7608]
  0x000001c6c2b57770 GCTaskThread "GC Thread#5" [stack: 0x00000056a0300000,0x00000056a0400000] [id=2436]
  0x000001c6c2c7afa0 GCTaskThread "GC Thread#6" [stack: 0x00000056a0400000,0x00000056a0500000] [id=14836]
  0x000001c6c4cb6d00 GCTaskThread "GC Thread#7" [stack: 0x00000056a0700000,0x00000056a0800000] [id=2084]
  0x000001c69c94b990 ConcurrentGCThread "G1 Main Marker" [stack: 0x000000569ea00000,0x000000569eb00000] [id=1316]
  0x000001c69c94c3a0 ConcurrentGCThread "G1 Conc#0" [stack: 0x000000569eb00000,0x000000569ec00000] [id=7844]
  0x000001c6c14664e0 ConcurrentGCThread "G1 Refine#0" [stack: 0x000000569ec00000,0x000000569ed00000] [id=13300]
  0x000001c69c9bdb90 ConcurrentGCThread "G1 Service" [stack: 0x000000569ed00000,0x000000569ee00000] [id=17824]

Threads with active compile tasks:

VM state: not at safepoint (normal execution)

VM Mutex/Monitor currently owned by a thread: None

Heap address: 0x0000000700e00000, size: 4082 MB, Compressed Oops mode: Zero based, Oop shift amount: 3

CDS archive(s) mapped at: [0x0000000800000000-0x0000000800bc0000-0x0000000800bc0000), size 12320768, SharedBaseAddress: 0x0000000800000000, ArchiveRelocationMode: 0.
Compressed class space mapped at: 0x0000000800c00000-0x0000000840c00000, reserved size: 1073741824
Narrow klass base: 0x0000000800000000, Narrow klass shift: 0, Narrow klass range: 0x100000000

GC Precious Log:
 CPUs: 8 total, 8 available
 Memory: 16324M
 Large Page Support: Disabled
 NUMA Support: Disabled
 Compressed Oops: Enabled (Zero based)
 Heap Region Size: 2M
 Heap Min Capacity: 8M
 Heap Initial Capacity: 256M
 Heap Max Capacity: 4082M
 Pre-touch: Disabled
 Parallel Workers: 8
 Concurrent Workers: 2
 Concurrent Refinement Workers: 8
 Periodic GC: Disabled

Heap:
 garbage-first heap   total 262144K, used 9164K [0x0000000700e00000, 0x0000000800000000)
  region size 2048K, 6 young (12288K), 3 survivors (6144K)
 Metaspace       used 11706K, committed 11904K, reserved 1064960K
  class space    used 1316K, committed 1408K, reserved 1048576K

Heap Regions: E=young(eden), S=young(survivor), O=old, HS=humongous(starts), HC=humongous(continues), CS=collection set, F=free, OA=open archive, CA=closed archive, TAMS=top-at-mark-start (previous, next)
|   0|0x0000000700e00000, 0x0000000700e00000, 0x0000000701000000|  0%| F|  |TAMS 0x0000000700e00000, 0x0000000700e00000| Untracked 
|   1|0x0000000701000000, 0x0000000701000000, 0x0000000701200000|  0%| F|  |TAMS 0x0000000701000000, 0x0000000701000000| Untracked 
|   2|0x0000000701200000, 0x0000000701200000, 0x0000000701400000|  0%| F|  |TAMS 0x0000000701200000, 0x0000000701200000| Untracked 
|   3|0x0000000701400000, 0x0000000701400000, 0x0000000701600000|  0%| F|  |TAMS 0x0000000701400000, 0x0000000701400000| Untracked 
|   4|0x0000000701600000, 0x0000000701600000, 0x0000000701800000|  0%| F|  |TAMS 0x0000000701600000, 0x0000000701600000| Untracked 
|   5|0x0000000701800000, 0x0000000701800000, 0x0000000701a00000|  0%| F|  |TAMS 0x0000000701800000, 0x0000000701800000| Untracked 
|   6|0x0000000701a00000, 0x0000000701a00000, 0x0000000701c00000|  0%| F|  |TAMS 0x0000000701a00000, 0x0000000701a00000| Untracked 
|   7|0x0000000701c00000, 0x0000000701c00000, 0x0000000701e00000|  0%| F|  |TAMS 0x0000000701c00000, 0x0000000701c00000| Untracked 
|   8|0x0000000701e00000, 0x0000000701e00000, 0x0000000702000000|  0%| F|  |TAMS 0x0000000701e00000, 0x0000000701e00000| Untracked 
|   9|0x0000000702000000, 0x0000000702000000, 0x0000000702200000|  0%| F|  |TAMS 0x0000000702000000, 0x0000000702000000| Untracked 
|  10|0x0000000702200000, 0x0000000702200000, 0x0000000702400000|  0%| F|  |TAMS 0x0000000702200000, 0x0000000702200000| Untracked 
|  11|0x0000000702400000, 0x0000000702400000, 0x0000000702600000|  0%| F|  |TAMS 0x0000000702400000, 0x0000000702400000| Untracked 
|  12|0x0000000702600000, 0x0000000702600000, 0x0000000702800000|  0%| F|  |TAMS 0x0000000702600000, 0x0000000702600000| Untracked 
|  13|0x0000000702800000, 0x0000000702800000, 0x0000000702a00000|  0%| F|  |TAMS 0x0000000702800000, 0x0000000702800000| Untracked 
|  14|0x0000000702a00000, 0x0000000702a00000, 0x0000000702c00000|  0%| F|  |TAMS 0x0000000702a00000, 0x0000000702a00000| Untracked 
|  15|0x0000000702c00000, 0x0000000702c00000, 0x0000000702e00000|  0%| F|  |TAMS 0x0000000702c00000, 0x0000000702c00000| Untracked 
|  16|0x0000000702e00000, 0x0000000702e00000, 0x0000000703000000|  0%| F|  |TAMS 0x0000000702e00000, 0x0000000702e00000| Untracked 
|  17|0x0000000703000000, 0x0000000703000000, 0x0000000703200000|  0%| F|  |TAMS 0x0000000703000000, 0x0000000703000000| Untracked 
|  18|0x0000000703200000, 0x0000000703200000, 0x0000000703400000|  0%| F|  |TAMS 0x0000000703200000, 0x0000000703200000| Untracked 
|  19|0x0000000703400000, 0x0000000703400000, 0x0000000703600000|  0%| F|  |TAMS 0x0000000703400000, 0x0000000703400000| Untracked 
|  20|0x0000000703600000, 0x0000000703600000, 0x0000000703800000|  0%| F|  |TAMS 0x0000000703600000, 0x0000000703600000| Untracked 
|  21|0x0000000703800000, 0x0000000703800000, 0x0000000703a00000|  0%| F|  |TAMS 0x0000000703800000, 0x0000000703800000| Untracked 
|  22|0x0000000703a00000, 0x0000000703a00000, 0x0000000703c00000|  0%| F|  |TAMS 0x0000000703a00000, 0x0000000703a00000| Untracked 
|  23|0x0000000703c00000, 0x0000000703c00000, 0x0000000703e00000|  0%| F|  |TAMS 0x0000000703c00000, 0x0000000703c00000| Untracked 
|  24|0x0000000703e00000, 0x0000000703e00000, 0x0000000704000000|  0%| F|  |TAMS 0x0000000703e00000, 0x0000000703e00000| Untracked 
|  25|0x0000000704000000, 0x0000000704000000, 0x0000000704200000|  0%| F|  |TAMS 0x0000000704000000, 0x0000000704000000| Untracked 
|  26|0x0000000704200000, 0x0000000704200000, 0x0000000704400000|  0%| F|  |TAMS 0x0000000704200000, 0x0000000704200000| Untracked 
|  27|0x0000000704400000, 0x0000000704400000, 0x0000000704600000|  0%| F|  |TAMS 0x0000000704400000, 0x0000000704400000| Untracked 
|  28|0x0000000704600000, 0x0000000704600000, 0x0000000704800000|  0%| F|  |TAMS 0x0000000704600000, 0x0000000704600000| Untracked 
|  29|0x0000000704800000, 0x0000000704800000, 0x0000000704a00000|  0%| F|  |TAMS 0x0000000704800000, 0x0000000704800000| Untracked 
|  30|0x0000000704a00000, 0x0000000704a00000, 0x0000000704c00000|  0%| F|  |TAMS 0x0000000704a00000, 0x0000000704a00000| Untracked 
|  31|0x0000000704c00000, 0x0000000704c00000, 0x0000000704e00000|  0%| F|  |TAMS 0x0000000704c00000, 0x0000000704c00000| Untracked 
|  32|0x0000000704e00000, 0x0000000704e00000, 0x0000000705000000|  0%| F|  |TAMS 0x0000000704e00000, 0x0000000704e00000| Untracked 
|  33|0x0000000705000000, 0x0000000705000000, 0x0000000705200000|  0%| F|  |TAMS 0x0000000705000000, 0x0000000705000000| Untracked 
|  34|0x0000000705200000, 0x0000000705200000, 0x0000000705400000|  0%| F|  |TAMS 0x0000000705200000, 0x0000000705200000| Untracked 
|  35|0x0000000705400000, 0x0000000705400000, 0x0000000705600000|  0%| F|  |TAMS 0x0000000705400000, 0x0000000705400000| Untracked 
|  36|0x0000000705600000, 0x0000000705600000, 0x0000000705800000|  0%| F|  |TAMS 0x0000000705600000, 0x0000000705600000| Untracked 
|  37|0x0000000705800000, 0x0000000705800000, 0x0000000705a00000|  0%| F|  |TAMS 0x0000000705800000, 0x0000000705800000| Untracked 
|  38|0x0000000705a00000, 0x0000000705a00000, 0x0000000705c00000|  0%| F|  |TAMS 0x0000000705a00000, 0x0000000705a00000| Untracked 
|  39|0x0000000705c00000, 0x0000000705c00000, 0x0000000705e00000|  0%| F|  |TAMS 0x0000000705c00000, 0x0000000705c00000| Untracked 
|  40|0x0000000705e00000, 0x0000000705e00000, 0x0000000706000000|  0%| F|  |TAMS 0x0000000705e00000, 0x0000000705e00000| Untracked 
|  41|0x0000000706000000, 0x0000000706000000, 0x0000000706200000|  0%| F|  |TAMS 0x0000000706000000, 0x0000000706000000| Untracked 
|  42|0x0000000706200000, 0x0000000706200000, 0x0000000706400000|  0%| F|  |TAMS 0x0000000706200000, 0x0000000706200000| Untracked 
|  43|0x0000000706400000, 0x0000000706400000, 0x0000000706600000|  0%| F|  |TAMS 0x0000000706400000, 0x0000000706400000| Untracked 
|  44|0x0000000706600000, 0x0000000706600000, 0x0000000706800000|  0%| F|  |TAMS 0x0000000706600000, 0x0000000706600000| Untracked 
|  45|0x0000000706800000, 0x0000000706800000, 0x0000000706a00000|  0%| F|  |TAMS 0x0000000706800000, 0x0000000706800000| Untracked 
|  46|0x0000000706a00000, 0x0000000706a00000, 0x0000000706c00000|  0%| F|  |TAMS 0x0000000706a00000, 0x0000000706a00000| Untracked 
|  47|0x0000000706c00000, 0x0000000706c00000, 0x0000000706e00000|  0%| F|  |TAMS 0x0000000706c00000, 0x0000000706c00000| Untracked 
|  48|0x0000000706e00000, 0x0000000706e00000, 0x0000000707000000|  0%| F|  |TAMS 0x0000000706e00000, 0x0000000706e00000| Untracked 
|  49|0x0000000707000000, 0x0000000707000000, 0x0000000707200000|  0%| F|  |TAMS 0x0000000707000000, 0x0000000707000000| Untracked 
|  50|0x0000000707200000, 0x0000000707200000, 0x0000000707400000|  0%| F|  |TAMS 0x0000000707200000, 0x0000000707200000| Untracked 
|  51|0x0000000707400000, 0x0000000707400000, 0x0000000707600000|  0%| F|  |TAMS 0x0000000707400000, 0x0000000707400000| Untracked 
|  52|0x0000000707600000, 0x0000000707600000, 0x0000000707800000|  0%| F|  |TAMS 0x0000000707600000, 0x0000000707600000| Untracked 
|  53|0x0000000707800000, 0x0000000707800000, 0x0000000707a00000|  0%| F|  |TAMS 0x0000000707800000, 0x0000000707800000| Untracked 
|  54|0x0000000707a00000, 0x0000000707a00000, 0x0000000707c00000|  0%| F|  |TAMS 0x0000000707a00000, 0x0000000707a00000| Untracked 
|  55|0x0000000707c00000, 0x0000000707c00000, 0x0000000707e00000|  0%| F|  |TAMS 0x0000000707c00000, 0x0000000707c00000| Untracked 
|  56|0x0000000707e00000, 0x0000000707e00000, 0x0000000708000000|  0%| F|  |TAMS 0x0000000707e00000, 0x0000000707e00000| Untracked 
|  57|0x0000000708000000, 0x0000000708000000, 0x0000000708200000|  0%| F|  |TAMS 0x0000000708000000, 0x0000000708000000| Untracked 
|  58|0x0000000708200000, 0x0000000708200000, 0x0000000708400000|  0%| F|  |TAMS 0x0000000708200000, 0x0000000708200000| Untracked 
|  59|0x0000000708400000, 0x0000000708400000, 0x0000000708600000|  0%| F|  |TAMS 0x0000000708400000, 0x0000000708400000| Untracked 
|  60|0x0000000708600000, 0x0000000708600000, 0x0000000708800000|  0%| F|  |TAMS 0x0000000708600000, 0x0000000708600000| Untracked 
|  61|0x0000000708800000, 0x0000000708800000, 0x0000000708a00000|  0%| F|  |TAMS 0x0000000708800000, 0x0000000708800000| Untracked 
|  62|0x0000000708a00000, 0x0000000708a00000, 0x0000000708c00000|  0%| F|  |TAMS 0x0000000708a00000, 0x0000000708a00000| Untracked 
|  63|0x0000000708c00000, 0x0000000708c00000, 0x0000000708e00000|  0%| F|  |TAMS 0x0000000708c00000, 0x0000000708c00000| Untracked 
|  64|0x0000000708e00000, 0x0000000708e00000, 0x0000000709000000|  0%| F|  |TAMS 0x0000000708e00000, 0x0000000708e00000| Untracked 
|  65|0x0000000709000000, 0x0000000709000000, 0x0000000709200000|  0%| F|  |TAMS 0x0000000709000000, 0x0000000709000000| Untracked 
|  66|0x0000000709200000, 0x0000000709200000, 0x0000000709400000|  0%| F|  |TAMS 0x0000000709200000, 0x0000000709200000| Untracked 
|  67|0x0000000709400000, 0x0000000709400000, 0x0000000709600000|  0%| F|  |TAMS 0x0000000709400000, 0x0000000709400000| Untracked 
|  68|0x0000000709600000, 0x0000000709600000, 0x0000000709800000|  0%| F|  |TAMS 0x0000000709600000, 0x0000000709600000| Untracked 
|  69|0x0000000709800000, 0x0000000709800000, 0x0000000709a00000|  0%| F|  |TAMS 0x0000000709800000, 0x0000000709800000| Untracked 
|  70|0x0000000709a00000, 0x0000000709a00000, 0x0000000709c00000|  0%| F|  |TAMS 0x0000000709a00000, 0x0000000709a00000| Untracked 
|  71|0x0000000709c00000, 0x0000000709c00000, 0x0000000709e00000|  0%| F|  |TAMS 0x0000000709c00000, 0x0000000709c00000| Untracked 
|  72|0x0000000709e00000, 0x0000000709e00000, 0x000000070a000000|  0%| F|  |TAMS 0x0000000709e00000, 0x0000000709e00000| Untracked 
|  73|0x000000070a000000, 0x000000070a000000, 0x000000070a200000|  0%| F|  |TAMS 0x000000070a000000, 0x000000070a000000| Untracked 
|  74|0x000000070a200000, 0x000000070a200000, 0x000000070a400000|  0%| F|  |TAMS 0x000000070a200000, 0x000000070a200000| Untracked 
|  75|0x000000070a400000, 0x000000070a400000, 0x000000070a600000|  0%| F|  |TAMS 0x000000070a400000, 0x000000070a400000| Untracked 
|  76|0x000000070a600000, 0x000000070a600000, 0x000000070a800000|  0%| F|  |TAMS 0x000000070a600000, 0x000000070a600000| Untracked 
|  77|0x000000070a800000, 0x000000070a800000, 0x000000070aa00000|  0%| F|  |TAMS 0x000000070a800000, 0x000000070a800000| Untracked 
|  78|0x000000070aa00000, 0x000000070aa00000, 0x000000070ac00000|  0%| F|  |TAMS 0x000000070aa00000, 0x000000070aa00000| Untracked 
|  79|0x000000070ac00000, 0x000000070ac00000, 0x000000070ae00000|  0%| F|  |TAMS 0x000000070ac00000, 0x000000070ac00000| Untracked 
|  80|0x000000070ae00000, 0x000000070ae00000, 0x000000070b000000|  0%| F|  |TAMS 0x000000070ae00000, 0x000000070ae00000| Untracked 
|  81|0x000000070b000000, 0x000000070b000000, 0x000000070b200000|  0%| F|  |TAMS 0x000000070b000000, 0x000000070b000000| Untracked 
|  82|0x000000070b200000, 0x000000070b200000, 0x000000070b400000|  0%| F|  |TAMS 0x000000070b200000, 0x000000070b200000| Untracked 
|  83|0x000000070b400000, 0x000000070b400000, 0x000000070b600000|  0%| F|  |TAMS 0x000000070b400000, 0x000000070b400000| Untracked 
|  84|0x000000070b600000, 0x000000070b600000, 0x000000070b800000|  0%| F|  |TAMS 0x000000070b600000, 0x000000070b600000| Untracked 
|  85|0x000000070b800000, 0x000000070b800000, 0x000000070ba00000|  0%| F|  |TAMS 0x000000070b800000, 0x000000070b800000| Untracked 
|  86|0x000000070ba00000, 0x000000070ba00000, 0x000000070bc00000|  0%| F|  |TAMS 0x000000070ba00000, 0x000000070ba00000| Untracked 
|  87|0x000000070bc00000, 0x000000070bc00000, 0x000000070be00000|  0%| F|  |TAMS 0x000000070bc00000, 0x000000070bc00000| Untracked 
|  88|0x000000070be00000, 0x000000070be00000, 0x000000070c000000|  0%| F|  |TAMS 0x000000070be00000, 0x000000070be00000| Untracked 
|  89|0x000000070c000000, 0x000000070c000000, 0x000000070c200000|  0%| F|  |TAMS 0x000000070c000000, 0x000000070c000000| Untracked 
|  90|0x000000070c200000, 0x000000070c200000, 0x000000070c400000|  0%| F|  |TAMS 0x000000070c200000, 0x000000070c200000| Untracked 
|  91|0x000000070c400000, 0x000000070c400000, 0x000000070c600000|  0%| F|  |TAMS 0x000000070c400000, 0x000000070c400000| Untracked 
|  92|0x000000070c600000, 0x000000070c600000, 0x000000070c800000|  0%| F|  |TAMS 0x000000070c600000, 0x000000070c600000| Untracked 
|  93|0x000000070c800000, 0x000000070c800000, 0x000000070ca00000|  0%| F|  |TAMS 0x000000070c800000, 0x000000070c800000| Untracked 
|  94|0x000000070ca00000, 0x000000070ca00000, 0x000000070cc00000|  0%| F|  |TAMS 0x000000070ca00000, 0x000000070ca00000| Untracked 
|  95|0x000000070cc00000, 0x000000070cc00000, 0x000000070ce00000|  0%| F|  |TAMS 0x000000070cc00000, 0x000000070cc00000| Untracked 
|  96|0x000000070ce00000, 0x000000070ce00000, 0x000000070d000000|  0%| F|  |TAMS 0x000000070ce00000, 0x000000070ce00000| Untracked 
|  97|0x000000070d000000, 0x000000070d000000, 0x000000070d200000|  0%| F|  |TAMS 0x000000070d000000, 0x000000070d000000| Untracked 
|  98|0x000000070d200000, 0x000000070d200000, 0x000000070d400000|  0%| F|  |TAMS 0x000000070d200000, 0x000000070d200000| Untracked 
|  99|0x000000070d400000, 0x000000070d400000, 0x000000070d600000|  0%| F|  |TAMS 0x000000070d400000, 0x000000070d400000| Untracked 
| 100|0x000000070d600000, 0x000000070d600000, 0x000000070d800000|  0%| F|  |TAMS 0x000000070d600000, 0x000000070d600000| Untracked 
| 101|0x000000070d800000, 0x000000070d800000, 0x000000070da00000|  0%| F|  |TAMS 0x000000070d800000, 0x000000070d800000| Untracked 
| 102|0x000000070da00000, 0x000000070da00000, 0x000000070dc00000|  0%| F|  |TAMS 0x000000070da00000, 0x000000070da00000| Untracked 
| 103|0x000000070dc00000, 0x000000070dc00000, 0x000000070de00000|  0%| F|  |TAMS 0x000000070dc00000, 0x000000070dc00000| Untracked 
| 104|0x000000070de00000, 0x000000070de00000, 0x000000070e000000|  0%| F|  |TAMS 0x000000070de00000, 0x000000070de00000| Untracked 
| 105|0x000000070e000000, 0x000000070e0f30e0, 0x000000070e200000| 47%| S|CS|TAMS 0x000000070e000000, 0x000000070e000000| Complete 
| 106|0x000000070e200000, 0x000000070e400000, 0x000000070e400000|100%| S|CS|TAMS 0x000000070e200000, 0x000000070e200000| Complete 
| 107|0x000000070e400000, 0x000000070e600000, 0x000000070e600000|100%| S|CS|TAMS 0x000000070e400000, 0x000000070e400000| Complete 
| 108|0x000000070e600000, 0x000000070e600000, 0x000000070e800000|  0%| F|  |TAMS 0x000000070e600000, 0x000000070e600000| Untracked 
| 109|0x000000070e800000, 0x000000070e800000, 0x000000070ea00000|  0%| F|  |TAMS 0x000000070e800000, 0x000000070e800000| Untracked 
| 110|0x000000070ea00000, 0x000000070ea00000, 0x000000070ec00000|  0%| F|  |TAMS 0x000000070ea00000, 0x000000070ea00000| Untracked 
| 111|0x000000070ec00000, 0x000000070ec00000, 0x000000070ee00000|  0%| F|  |TAMS 0x000000070ec00000, 0x000000070ec00000| Untracked 
| 112|0x000000070ee00000, 0x000000070ee00000, 0x000000070f000000|  0%| F|  |TAMS 0x000000070ee00000, 0x000000070ee00000| Untracked 
| 113|0x000000070f000000, 0x000000070f000000, 0x000000070f200000|  0%| F|  |TAMS 0x000000070f000000, 0x000000070f000000| Untracked 
| 114|0x000000070f200000, 0x000000070f200000, 0x000000070f400000|  0%| F|  |TAMS 0x000000070f200000, 0x000000070f200000| Untracked 
| 115|0x000000070f400000, 0x000000070f400000, 0x000000070f600000|  0%| F|  |TAMS 0x000000070f400000, 0x000000070f400000| Untracked 
| 116|0x000000070f600000, 0x000000070f600000, 0x000000070f800000|  0%| F|  |TAMS 0x000000070f600000, 0x000000070f600000| Untracked 
| 117|0x000000070f800000, 0x000000070f800000, 0x000000070fa00000|  0%| F|  |TAMS 0x000000070f800000, 0x000000070f800000| Untracked 
| 118|0x000000070fa00000, 0x000000070fa00000, 0x000000070fc00000|  0%| F|  |TAMS 0x000000070fa00000, 0x000000070fa00000| Untracked 
| 119|0x000000070fc00000, 0x000000070fc00000, 0x000000070fe00000|  0%| F|  |TAMS 0x000000070fc00000, 0x000000070fc00000| Untracked 
| 120|0x000000070fe00000, 0x000000070fe00000, 0x0000000710000000|  0%| F|  |TAMS 0x000000070fe00000, 0x000000070fe00000| Untracked 
| 121|0x0000000710000000, 0x0000000710000000, 0x0000000710200000|  0%| F|  |TAMS 0x0000000710000000, 0x0000000710000000| Untracked 
| 122|0x0000000710200000, 0x0000000710200000, 0x0000000710400000|  0%| F|  |TAMS 0x0000000710200000, 0x0000000710200000| Untracked 
| 123|0x0000000710400000, 0x0000000710400000, 0x0000000710600000|  0%| F|  |TAMS 0x0000000710400000, 0x0000000710400000| Untracked 
| 124|0x0000000710600000, 0x0000000710600000, 0x0000000710800000|  0%| F|  |TAMS 0x0000000710600000, 0x0000000710600000| Untracked 
| 125|0x0000000710800000, 0x0000000710a00000, 0x0000000710a00000|100%| E|  |TAMS 0x0000000710800000, 0x0000000710800000| Complete 
| 126|0x0000000710a00000, 0x0000000710c00000, 0x0000000710c00000|100%| E|CS|TAMS 0x0000000710a00000, 0x0000000710a00000| Complete 
| 127|0x0000000710c00000, 0x0000000710e00000, 0x0000000710e00000|100%| E|CS|TAMS 0x0000000710c00000, 0x0000000710c00000| Complete 

Card table byte_map: [0x000001c6b5b50000,0x000001c6b6350000] _byte_map_base: 0x000001c6b2349000

Marking Bits (Prev, Next): (CMBitMap*) 0x000001c69c93a8e0, (CMBitMap*) 0x000001c69c93a920
 Prev Bits: [0x000001c6b6b50000, 0x000001c6bab18000)
 Next Bits: [0x000001c6bab20000, 0x000001c6beae8000)

Polling page: 0x000001c69c9c0000

Metaspace:

Usage:
  Non-class:     10.15 MB used.
      Class:      1.29 MB used.
       Both:     11.43 MB used.

Virtual space:
  Non-class space:       16.00 MB reserved,      10.25 MB ( 64%) committed,  2 nodes.
      Class space:        1.00 GB reserved,       1.38 MB ( <1%) committed,  1 nodes.
             Both:        1.02 GB reserved,      11.62 MB (  1%) committed. 

Chunk freelists:
   Non-Class:  1.79 MB
       Class:  2.65 MB
        Both:  4.44 MB

MaxMetaspaceSize: unlimited
CompressedClassSpaceSize: 1.00 GB
Initial GC threshold: 21.00 MB
Current GC threshold: 21.00 MB
CDS: on
MetaspaceReclaimPolicy: balanced
 - commit_granule_bytes: 65536.
 - commit_granule_words: 8192.
 - virtual_space_node_default_size: 1048576.
 - enlarge_chunks_in_place: 1.
 - new_chunks_are_fully_committed: 0.
 - uncommit_free_chunks: 1.
 - use_allocation_guard: 0.
 - handle_deallocations: 1.


Internal statistics:

num_allocs_failed_limit: 0.
num_arena_births: 134.
num_arena_deaths: 0.
num_vsnodes_births: 3.
num_vsnodes_deaths: 0.
num_space_committed: 186.
num_space_uncommitted: 0.
num_chunks_returned_to_freelist: 0.
num_chunks_taken_from_freelist: 369.
num_chunk_merges: 0.
num_chunk_splits: 232.
num_chunks_enlarged: 148.
num_purges: 0.
num_inconsistent_stats: 0.

CodeHeap 'non-profiled nmethods': size=120000Kb used=883Kb max_used=883Kb free=119116Kb
 bounds [0x000001c6ad3b0000, 0x000001c6ad620000, 0x000001c6b48e0000]
CodeHeap 'profiled nmethods': size=120000Kb used=3125Kb max_used=3125Kb free=116874Kb
 bounds [0x000001c6a5e80000, 0x000001c6a6190000, 0x000001c6ad3b0000]
CodeHeap 'non-nmethods': size=5760Kb used=1268Kb max_used=1376Kb free=4491Kb
 bounds [0x000001c6a58e0000, 0x000001c6a5b50000, 0x000001c6a5e80000]
 total_blobs=2120 nmethods=1618 adapters=415
 compilation: enabled
              stopped_count=0, restarted_count=0
 full_count=0

Compilation events (20 events):
Event: 0.793 Thread 0x000001c6c15cfc00 nmethod 1610 0x000001c6a618ae90 code [0x000001c6a618b100, 0x000001c6a618bab8]
Event: 0.801 Thread 0x000001c6c15cfc00 1611       3       java.lang.invoke.MethodHandles$Lookup::checkSymbolicClass (25 bytes)
Event: 0.801 Thread 0x000001c6c15cfc00 nmethod 1611 0x000001c6a618be90 code [0x000001c6a618c060, 0x000001c6a618c2e8]
Event: 0.802 Thread 0x000001c6c3099170 nmethod 1371 0x000001c6ad456290 code [0x000001c6ad456620, 0x000001c6ad45d510]
Event: 0.802 Thread 0x000001c6c3099170 1607       4       java.util.TreeMap::successor (66 bytes)
Event: 0.803 Thread 0x000001c6c3099170 nmethod 1607 0x000001c6ad460f90 code [0x000001c6ad461100, 0x000001c6ad461218]
Event: 0.808 Thread 0x000001c6c3099170 1612       4       org.eclipse.jdt.launching.internal.org.objectweb.asm.ClassWriter::visitMethod (57 bytes)
Event: 0.812 Thread 0x000001c6c15cfc00 1614       3       java.lang.Character$UnicodeBlock::<init> (17 bytes)
Event: 0.812 Thread 0x000001c6c15cfc00 nmethod 1614 0x000001c6a618c410 code [0x000001c6a618c600, 0x000001c6a618cab8]
Event: 0.812 Thread 0x000001c6c15cfc00 1615       3       java.lang.Character$Subset::<init> (24 bytes)
Event: 0.812 Thread 0x000001c6c15cfc00 nmethod 1615 0x000001c6a618cc90 code [0x000001c6a618ce40, 0x000001c6a618d128]
Event: 0.812 Thread 0x000001c6c15cfc00 1616       3       sun.invoke.util.Wrapper::isSingleWord (15 bytes)
Event: 0.812 Thread 0x000001c6c15cfc00 nmethod 1616 0x000001c6a618d290 code [0x000001c6a618d420, 0x000001c6a618d598]
Event: 1.055 Thread 0x000001c6c3099170 nmethod 1612 0x000001c6ad461610 code [0x000001c6ad461940, 0x000001c6ad468760]
Event: 1.056 Thread 0x000001c6c3099170 1613       4       org.eclipse.jdt.launching.internal.org.objectweb.asm.MethodWriter::computeMethodInfoSize (571 bytes)
Event: 1.060 Thread 0x000001c6c3099170 nmethod 1613 0x000001c6ad46ad10 code [0x000001c6ad46af40, 0x000001c6ad46b630]
Event: 1.062 Thread 0x000001c6c22562b0 nmethod 1606 0x000001c6ad46bc10 code [0x000001c6ad46bf40, 0x000001c6ad4732e0]
Event: 1.087 Thread 0x000001c6c15cd540 nmethod 1418 0x000001c6ad475a90 code [0x000001c6ad475fa0, 0x000001c6ad486c50]
Event: 180.750 Thread 0x000001c6c15cfc00 1619       1       java.util.concurrent.locks.AbstractOwnableSynchronizer::setExclusiveOwnerThread (6 bytes)
Event: 180.751 Thread 0x000001c6c15cfc00 nmethod 1619 0x000001c6ad48ca90 code [0x000001c6ad48cc20, 0x000001c6ad48cd38]

GC Heap History (4 events):
Event: 0.387 GC heap before
{Heap before GC invocations=0 (full 0):
 garbage-first heap   total 262144K, used 22528K [0x0000000700e00000, 0x0000000800000000)
  region size 2048K, 11 young (22528K), 0 survivors (0K)
 Metaspace       used 4797K, committed 4992K, reserved 1056768K
  class space    used 480K, committed 576K, reserved 1048576K
}
Event: 0.390 GC heap after
{Heap after GC invocations=1 (full 0):
 garbage-first heap   total 262144K, used 2950K [0x0000000700e00000, 0x0000000800000000)
  region size 2048K, 2 young (4096K), 2 survivors (4096K)
 Metaspace       used 4797K, committed 4992K, reserved 1056768K
  class space    used 480K, committed 576K, reserved 1048576K
}
Event: 0.755 GC heap before
{Heap before GC invocations=1 (full 0):
 garbage-first heap   total 262144K, used 39814K [0x0000000700e00000, 0x0000000800000000)
  region size 2048K, 20 young (40960K), 2 survivors (4096K)
 Metaspace       used 10866K, committed 11136K, reserved 1064960K
  class space    used 1224K, committed 1344K, reserved 1048576K
}
Event: 0.759 GC heap after
{Heap after GC invocations=2 (full 0):
 garbage-first heap   total 262144K, used 5068K [0x0000000700e00000, 0x0000000800000000)
  region size 2048K, 3 young (6144K), 3 survivors (6144K)
 Metaspace       used 10866K, committed 11136K, reserved 1064960K
  class space    used 1224K, committed 1344K, reserved 1048576K
}

Deoptimization events (20 events):
Event: 0.680 Thread 0x000001c69c8ea030 DEOPT PACKING pc=0x000001c6ad3bc620 sp=0x000000569e8fc130
Event: 0.680 Thread 0x000001c69c8ea030 DEOPT UNPACKING pc=0x000001c6a59323a3 sp=0x000000569e8fc0d0 mode 2
Event: 0.708 Thread 0x000001c69c8ea030 DEOPT PACKING pc=0x000001c6a5fa5099 sp=0x000000569e8fa9e0
Event: 0.708 Thread 0x000001c69c8ea030 DEOPT UNPACKING pc=0x000001c6a5932b43 sp=0x000000569e8f9f90 mode 0
Event: 0.741 Thread 0x000001c69c8ea030 Uncommon trap: trap_request=0xffffffde fr.pc=0x000001c6ad416ad4 relative=0x0000000000000d34
Event: 0.741 Thread 0x000001c69c8ea030 Uncommon trap: reason=class_check action=maybe_recompile pc=0x000001c6ad416ad4 method=java.util.HashMap.putVal(ILjava/lang/Object;Ljava/lang/Object;ZZ)Ljava/lang/Object; @ 203 c2
Event: 0.741 Thread 0x000001c69c8ea030 DEOPT PACKING pc=0x000001c6ad416ad4 sp=0x000000569e8fd570
Event: 0.741 Thread 0x000001c69c8ea030 DEOPT UNPACKING pc=0x000001c6a59323a3 sp=0x000000569e8fd4d8 mode 2
Event: 0.751 Thread 0x000001c69c8ea030 Uncommon trap: trap_request=0xffffffde fr.pc=0x000001c6ad416ad4 relative=0x0000000000000d34
Event: 0.751 Thread 0x000001c69c8ea030 Uncommon trap: reason=class_check action=maybe_recompile pc=0x000001c6ad416ad4 method=java.util.HashMap.putVal(ILjava/lang/Object;Ljava/lang/Object;ZZ)Ljava/lang/Object; @ 203 c2
Event: 0.751 Thread 0x000001c69c8ea030 DEOPT PACKING pc=0x000001c6ad416ad4 sp=0x000000569e8fd5a0
Event: 0.751 Thread 0x000001c69c8ea030 DEOPT UNPACKING pc=0x000001c6a59323a3 sp=0x000000569e8fd508 mode 2
Event: 0.796 Thread 0x000001c69c8ea030 DEOPT PACKING pc=0x000001c6a60245f4 sp=0x000000569e8fdea0
Event: 0.796 Thread 0x000001c69c8ea030 DEOPT UNPACKING pc=0x000001c6a5932b43 sp=0x000000569e8fd338 mode 1
Event: 0.797 Thread 0x000001c69c8ea030 DEOPT PACKING pc=0x000001c6a5feacdc sp=0x000000569e8fdf70
Event: 0.797 Thread 0x000001c69c8ea030 DEOPT UNPACKING pc=0x000001c6a5932b43 sp=0x000000569e8fd428 mode 1
Event: 0.797 Thread 0x000001c69c8ea030 DEOPT PACKING pc=0x000001c6a60245f4 sp=0x000000569e8fd490
Event: 0.797 Thread 0x000001c69c8ea030 DEOPT UNPACKING pc=0x000001c6a5932b43 sp=0x000000569e8fc928 mode 1
Event: 0.797 Thread 0x000001c69c8ea030 DEOPT PACKING pc=0x000001c6a5feacdc sp=0x000000569e8fd560
Event: 0.797 Thread 0x000001c69c8ea030 DEOPT UNPACKING pc=0x000001c6a5932b43 sp=0x000000569e8fca18 mode 1

Classes unloaded (0 events):
No events

Classes redefined (3 events):
Event: 200.990 Thread 0x000001c6c15aa560 redefined class name=annees.annee2021.jour12.Chemin, count=1
Event: 203.192 Thread 0x000001c6c15aa560 redefined class name=annees.annee2021.jour12.Chemin, count=2
Event: 203.192 Thread 0x000001c6c15aa560 redefined class name=annees.annee2021.jour12.Annee2021Jour12, count=1

Internal exceptions (17 events):
Event: 0.272 Thread 0x000001c69c8ea030 Exception <a 'java/lang/NoSuchMethodError'{0x0000000710491598}: 'java.lang.Object java.lang.invoke.DirectMethodHandle$Holder.invokeInterface(java.lang.Object, java.lang.Object)'> (0x0000000710491598) 
thrown [t:\workspace\open\src\hotspot\share\interpreter\linkResolver.cpp, line 766]
Event: 0.299 Thread 0x000001c69c8ea030 Exception <a 'java/lang/NoSuchMethodError'{0x000000071034cbc8}: 'void java.lang.invoke.DirectMethodHandle$Holder.invokeStatic(java.lang.Object, java.lang.Object, java.lang.Object)'> (0x000000071034cbc8) 
thrown [t:\workspace\open\src\hotspot\share\interpreter\linkResolver.cpp, line 766]
Event: 0.308 Thread 0x000001c69c8ea030 Exception <a 'java/lang/NoSuchMethodError'{0x00000007103b6870}: 'void java.lang.invoke.DirectMethodHandle$Holder.invokeSpecial(java.lang.Object, java.lang.Object, java.lang.Object, java.lang.Object, java.lang.Object)'> (0x00000007103b6870) 
thrown [t:\workspace\open\src\hotspot\share\interpreter\linkResolver.cpp, line 766]
Event: 0.309 Thread 0x000001c69c8ea030 Exception <a 'java/lang/NoSuchMethodError'{0x00000007103bf130}: 'void java.lang.invoke.DirectMethodHandle$Holder.invokeStatic(java.lang.Object, java.lang.Object, java.lang.Object, java.lang.Object)'> (0x00000007103bf130) 
thrown [t:\workspace\open\src\hotspot\share\interpreter\linkResolver.cpp, line 766]
Event: 0.355 Thread 0x000001c69c8ea030 Exception <a 'java/lang/NoSuchMethodError'{0x000000070fa43660}: 'java.lang.Object java.lang.invoke.DirectMethodHandle$Holder.invokeStaticInit(java.lang.Object)'> (0x000000070fa43660) 
thrown [t:\workspace\open\src\hotspot\share\interpreter\linkResolver.cpp, line 766]
Event: 0.362 Thread 0x000001c69c8ea030 Exception <a 'java/lang/NoSuchMethodError'{0x000000070fa8aa50}: 'int java.lang.invoke.DirectMethodHandle$Holder.invokeSpecial(java.lang.Object, java.lang.Object, java.lang.Object)'> (0x000000070fa8aa50) 
thrown [t:\workspace\open\src\hotspot\share\interpreter\linkResolver.cpp, line 766]
Event: 0.375 Thread 0x000001c69c8ea030 Exception <a 'java/lang/NoSuchMethodError'{0x000000070fb93ba0}: 'void java.lang.invoke.DirectMethodHandle$Holder.invokeStaticInit(java.lang.Object, java.lang.Object, java.lang.Object, java.lang.Object)'> (0x000000070fb93ba0) 
thrown [t:\workspace\open\src\hotspot\share\interpreter\linkResolver.cpp, line 766]
Event: 0.487 Thread 0x000001c69c8ea030 Exception <a 'java/lang/NoSuchMethodError'{0x000000070fa0aef8}: 'java.lang.Object java.lang.invoke.DirectMethodHandle$Holder.newInvokeSpecial(java.lang.Object, long, int, java.lang.Object)'> (0x000000070fa0aef8) 
thrown [t:\workspace\open\src\hotspot\share\interpreter\linkResolver.cpp, line 766]
Event: 0.617 Thread 0x000001c69c8ea030 Exception <a 'java/lang/NoSuchMethodError'{0x000000070ef109f0}: 'java.lang.Object java.lang.invoke.Invokers$Holder.invokeExact_MT(java.lang.Object, java.lang.Object, java.lang.Object, java.lang.Object, java.lang.Object, java.lang.Object)'> (0x000000070ef109f0) 
thrown [t:\workspace\open\src\hotspot\share\interpreter\linkResolver.cpp, line 766]
Event: 0.629 Thread 0x000001c69c8ea030 Exception <a 'java/lang/NoSuchMethodError'{0x000000070efe0e00}: 'java.lang.Object java.lang.invoke.DirectMethodHandle$Holder.newInvokeSpecial(java.lang.Object, java.lang.Object, java.lang.Object, java.lang.Object, java.lang.Object)'> (0x000000070efe0e00) 
thrown [t:\workspace\open\src\hotspot\share\interpreter\linkResolver.cpp, line 766]
Event: 0.637 Thread 0x000001c69c8ea030 Implicit null exception at 0x000001c6ad40d9ce to 0x000001c6ad40dac0
Event: 0.663 Thread 0x000001c69c8ea030 Exception <a 'java/lang/NoSuchMethodError'{0x000000070eb2ac28}: 'int java.lang.invoke.DirectMethodHandle$Holder.invokeStaticInit(java.lang.Object, java.lang.Object, java.lang.Object)'> (0x000000070eb2ac28) 
thrown [t:\workspace\open\src\hotspot\share\interpreter\linkResolver.cpp, line 766]
Event: 0.723 Thread 0x000001c69c8ea030 Exception <a 'java/lang/NoSuchMethodError'{0x000000070e6aaf90}: 'int java.lang.invoke.DirectMethodHandle$Holder.invokeInterface(java.lang.Object, java.lang.Object)'> (0x000000070e6aaf90) 
thrown [t:\workspace\open\src\hotspot\share\interpreter\linkResolver.cpp, line 766]
Event: 0.723 Thread 0x000001c69c8ea030 Exception <a 'java/lang/IncompatibleClassChangeError'{0x000000070e6ae478}: Found class java.lang.Object, but interface was expected> (0x000000070e6ae478) 
thrown [t:\workspace\open\src\hotspot\share\interpreter\linkResolver.cpp, line 833]
Event: 0.724 Thread 0x000001c69c8ea030 Exception <a 'java/lang/NoSuchMethodError'{0x000000070e6b46c0}: 'void java.lang.invoke.DirectMethodHandle$Holder.invokeStatic(java.lang.Object, java.lang.Object)'> (0x000000070e6b46c0) 
thrown [t:\workspace\open\src\hotspot\share\interpreter\linkResolver.cpp, line 766]
Event: 0.794 Thread 0x000001c69c8ea030 Exception <a 'java/lang/NoSuchMethodError'{0x0000000710b187d0}: 'org.slf4j.impl.StaticMarkerBinder org.slf4j.impl.StaticMarkerBinder.getSingleton()'> (0x0000000710b187d0) 
thrown [t:\workspace\open\src\hotspot\share\interpreter\linkResolver.cpp, line 766]
Event: 0.812 Thread 0x000001c69c8ea030 Exception <a 'java/lang/NoSuchMethodError'{0x000000071089e148}: 'int java.lang.invoke.DirectMethodHandle$Holder.invokeStatic(java.lang.Object, java.lang.Object, int)'> (0x000000071089e148) 
thrown [t:\workspace\open\src\hotspot\share\interpreter\linkResolver.cpp, line 766]

VM Operations (20 events):
Event: 200.985 Executing VM operation: ChangeSingleStep
Event: 200.985 Executing VM operation: ChangeSingleStep done
Event: 200.985 Executing VM operation: ChangeSingleStep
Event: 200.985 Executing VM operation: ChangeSingleStep done
Event: 200.988 Executing VM operation: RedefineClasses
Event: 200.993 Executing VM operation: RedefineClasses done
Event: 200.994 Executing VM operation: ChangeSingleStep
Event: 200.994 Executing VM operation: ChangeSingleStep done
Event: 200.994 Executing VM operation: get/set locals
Event: 200.995 Executing VM operation: get/set locals done
Event: 200.995 Executing VM operation: ChangeSingleStep
Event: 200.995 Executing VM operation: ChangeSingleStep done
Event: 201.018 Executing VM operation: get/set locals
Event: 201.018 Executing VM operation: get/set locals done
Event: 203.185 Executing VM operation: ChangeSingleStep
Event: 203.185 Executing VM operation: ChangeSingleStep done
Event: 203.185 Executing VM operation: ChangeSingleStep
Event: 203.185 Executing VM operation: ChangeSingleStep done
Event: 203.191 Executing VM operation: RedefineClasses
Event: 203.196 Executing VM operation: RedefineClasses done

Events (20 events):
Event: 0.800 loading class sun/nio/ch/NativeThread
Event: 0.800 loading class sun/nio/ch/NativeThread done
Event: 0.800 loading class sun/nio/ch/IOStatus
Event: 0.800 loading class sun/nio/ch/IOStatus done
Event: 0.801 loading class java/util/stream/Streams$1
Event: 0.801 loading class java/util/stream/Streams$1 done
Event: 0.803 loading class java/nio/file/FileChannelLinesSpliterator$1
Event: 0.803 loading class java/nio/file/FileChannelLinesSpliterator$1 done
Event: 0.803 loading class java/nio/channels/Channels
Event: 0.803 loading class java/nio/channels/Channels done
Event: 0.803 loading class sun/nio/ch/Util
Event: 0.803 loading class sun/nio/ch/Util done
Event: 0.803 loading class sun/nio/ch/Util$1
Event: 0.803 loading class sun/nio/ch/Util$1 done
Event: 0.803 loading class sun/nio/ch/Util$BufferCache
Event: 0.803 loading class sun/nio/ch/Util$BufferCache done
Event: 0.804 loading class java/nio/DirectByteBuffer$Deallocator
Event: 0.804 loading class java/nio/DirectByteBuffer$Deallocator done
Event: 6.065 Thread 0x000001c6c3099170 Thread exited: 0x000001c6c3099170
Event: 11.080 Thread 0x000001c6c22562b0 Thread exited: 0x000001c6c22562b0


Dynamic libraries:
0x00007ff726d90000 - 0x00007ff726da0000 	C:\Program Files\Java\jdk-17.0.1\bin\javaw.exe
0x00007ffa997f0000 - 0x00007ffa999e5000 	C:\WINDOWS\SYSTEM32\ntdll.dll
0x00007ffa67460000 - 0x00007ffa67476000 	C:\Program Files\AVAST Software\Avast\aswhook.dll
0x00007ffa97ba0000 - 0x00007ffa97c5e000 	C:\WINDOWS\System32\KERNEL32.DLL
0x00007ffa97020000 - 0x00007ffa972e8000 	C:\WINDOWS\System32\KERNELBASE.dll
0x00007ffa97430000 - 0x00007ffa97530000 	C:\WINDOWS\System32\ucrtbase.dll
0x00007ffa92d00000 - 0x00007ffa92d1a000 	C:\Program Files\Java\jdk-17.0.1\bin\VCRUNTIME140.dll
0x00007ffa923b0000 - 0x00007ffa923c8000 	C:\Program Files\Java\jdk-17.0.1\bin\jli.dll
0x00007ffa987f0000 - 0x00007ffa9889c000 	C:\WINDOWS\System32\ADVAPI32.dll
0x00007ffa98e00000 - 0x00007ffa98e9e000 	C:\WINDOWS\System32\msvcrt.dll
0x00007ffa98bd0000 - 0x00007ffa98c6b000 	C:\WINDOWS\System32\sechost.dll
0x00007ffa98570000 - 0x00007ffa9869a000 	C:\WINDOWS\System32\RPCRT4.dll
0x00007ffa99180000 - 0x00007ffa99321000 	C:\WINDOWS\System32\USER32.dll
0x00007ffa96f40000 - 0x00007ffa96f62000 	C:\WINDOWS\System32\win32u.dll
0x00007ffa7ea70000 - 0x00007ffa7ed0a000 	C:\WINDOWS\WinSxS\amd64_microsoft.windows.common-controls_6595b64144ccf1df_6.0.19041.1110_none_60b5254171f9507e\COMCTL32.dll
0x00007ffa98710000 - 0x00007ffa9873b000 	C:\WINDOWS\System32\GDI32.dll
0x00007ffa97530000 - 0x00007ffa9763b000 	C:\WINDOWS\System32\gdi32full.dll
0x00007ffa97640000 - 0x00007ffa976dd000 	C:\WINDOWS\System32\msvcp_win.dll
0x00007ffa91250000 - 0x00007ffa9125a000 	C:\WINDOWS\SYSTEM32\VERSION.dll
0x00007ffa98dd0000 - 0x00007ffa98e00000 	C:\WINDOWS\System32\IMM32.DLL
0x00007ffa92e60000 - 0x00007ffa92e6c000 	C:\Program Files\Java\jdk-17.0.1\bin\vcruntime140_1.dll
0x00007ffa880d0000 - 0x00007ffa8815d000 	C:\Program Files\Java\jdk-17.0.1\bin\msvcp140.dll
0x00007ffa45b70000 - 0x00007ffa4672e000 	C:\Program Files\Java\jdk-17.0.1\bin\server\jvm.dll
0x00007ffa983a0000 - 0x00007ffa983a8000 	C:\WINDOWS\System32\PSAPI.DLL
0x00007ffa86430000 - 0x00007ffa86457000 	C:\WINDOWS\SYSTEM32\WINMM.dll
0x00007ffa7b010000 - 0x00007ffa7b019000 	C:\WINDOWS\SYSTEM32\WSOCK32.dll
0x00007ffa986a0000 - 0x00007ffa9870b000 	C:\WINDOWS\System32\WS2_32.dll
0x00007ffa94e30000 - 0x00007ffa94e42000 	C:\WINDOWS\SYSTEM32\kernel.appcore.dll
0x00007ffa92c00000 - 0x00007ffa92c0a000 	C:\Program Files\Java\jdk-17.0.1\bin\jimage.dll
0x00007ffa8ba90000 - 0x00007ffa8bc74000 	C:\WINDOWS\SYSTEM32\DBGHELP.DLL
0x00007ffa8b7f0000 - 0x00007ffa8b81c000 	C:\WINDOWS\SYSTEM32\dbgcore.DLL
0x00007ffa973a0000 - 0x00007ffa97423000 	C:\WINDOWS\System32\bcryptPrimitives.dll
0x00007ffa91010000 - 0x00007ffa9104b000 	C:\Program Files\Java\jdk-17.0.1\bin\jdwp.dll
0x00007ffa924a0000 - 0x00007ffa924ae000 	C:\Program Files\Java\jdk-17.0.1\bin\instrument.dll
0x00007ffa91290000 - 0x00007ffa912b5000 	C:\Program Files\Java\jdk-17.0.1\bin\java.dll
0x00007ffa6edf0000 - 0x00007ffa6eec6000 	C:\Program Files\Java\jdk-17.0.1\bin\svml.dll
0x00007ffa97c60000 - 0x00007ffa9839f000 	C:\WINDOWS\System32\SHELL32.dll
0x00007ffa95030000 - 0x00007ffa957c0000 	C:\WINDOWS\SYSTEM32\windows.storage.dll
0x00007ffa97840000 - 0x00007ffa97b95000 	C:\WINDOWS\System32\combase.dll
0x00007ffa96960000 - 0x00007ffa9698e000 	C:\WINDOWS\SYSTEM32\Wldp.dll
0x00007ffa98740000 - 0x00007ffa987ed000 	C:\WINDOWS\System32\SHCORE.dll
0x00007ffa98430000 - 0x00007ffa98485000 	C:\WINDOWS\System32\shlwapi.dll
0x00007ffa96e50000 - 0x00007ffa96e6f000 	C:\WINDOWS\SYSTEM32\profapi.dll
0x00007ffa91a80000 - 0x00007ffa91a8c000 	C:\Program Files\Java\jdk-17.0.1\bin\dt_socket.dll
0x00007ffa96360000 - 0x00007ffa9639b000 	C:\WINDOWS\SYSTEM32\IPHLPAPI.DLL
0x00007ffa966c0000 - 0x00007ffa9672a000 	C:\WINDOWS\system32\mswsock.dll
0x00007ffa963b0000 - 0x00007ffa9647b000 	C:\WINDOWS\SYSTEM32\DNSAPI.dll
0x00007ffa98ea0000 - 0x00007ffa98ea8000 	C:\WINDOWS\System32\NSI.dll
0x00007ffa82ec0000 - 0x00007ffa82eca000 	C:\Windows\System32\rasadhlp.dll
0x00007ffa82980000 - 0x00007ffa829ff000 	C:\WINDOWS\System32\fwpuclnt.dll
0x00007ffa96f10000 - 0x00007ffa96f37000 	C:\WINDOWS\System32\bcrypt.dll
0x00007ffa90ff0000 - 0x00007ffa91008000 	C:\Program Files\Java\jdk-17.0.1\bin\zip.dll
0x00007ffa90f60000 - 0x00007ffa90f79000 	C:\Program Files\Java\jdk-17.0.1\bin\net.dll
0x00007ffa89780000 - 0x00007ffa8988c000 	C:\WINDOWS\SYSTEM32\WINHTTP.dll
0x00007ffa90f40000 - 0x00007ffa90f55000 	C:\Program Files\Java\jdk-17.0.1\bin\nio.dll
0x00007ffa91a70000 - 0x00007ffa91a80000 	C:\Program Files\Java\jdk-17.0.1\bin\verify.dll
0x00007ffa91a40000 - 0x00007ffa91a49000 	C:\Program Files\Java\jdk-17.0.1\bin\management.dll
0x00007ffa919c0000 - 0x00007ffa919cb000 	C:\Program Files\Java\jdk-17.0.1\bin\management_ext.dll
0x00007ffa729d0000 - 0x00007ffa729e7000 	C:\WINDOWS\system32\napinsp.dll
0x00007ffa729b0000 - 0x00007ffa729cb000 	C:\WINDOWS\system32\pnrpnsp.dll
0x00007ffa76470000 - 0x00007ffa76485000 	C:\WINDOWS\system32\wshbth.dll
0x00007ffa92c20000 - 0x00007ffa92c3d000 	C:\WINDOWS\system32\NLAapi.dll
0x00007ffa72990000 - 0x00007ffa729a2000 	C:\WINDOWS\System32\winrnr.dll

dbghelp: loaded successfully - version: 4.0.5 - missing functions: none
symbol engine: initialized successfully - sym options: 0x614 - pdb path: .;C:\Program Files\Java\jdk-17.0.1\bin;C:\WINDOWS\SYSTEM32;C:\Program Files\AVAST Software\Avast;C:\WINDOWS\WinSxS\amd64_microsoft.windows.common-controls_6595b64144ccf1df_6.0.19041.1110_none_60b5254171f9507e;C:\Program Files\Java\jdk-17.0.1\bin\server

VM Arguments:
jvm_args: -XX:+ShowCodeDetailsInExceptionMessages -agentlib:jdwp=transport=dt_socket,suspend=y,address=localhost:51120 -javaagent:C:\Users\Julien Cazorla\eclipse\java-2020-09\eclipse\configuration\org.eclipse.osgi\980\0\.cp\lib\javaagent-shaded.jar -Dfile.encoding=UTF-8 
java_command: annees.annee2021.jour12.Annee2021Jour12Exercice2
java_class_path (initial): D:\Documents\workspace\advent-of-code\Java\target\classes;C:\Users\Julien Cazorla\.m2\repository\org\apache\commons\commons-lang3\3.12.0\commons-lang3-3.12.0.jar;C:\Users\Julien Cazorla\.m2\repository\org\apache\commons\commons-collections4\4.4\commons-collections4-4.4.jar;C:\Users\Julien Cazorla\.m2\repository\org\ejml\ejml-all\0.38\ejml-all-0.38.jar;C:\Users\Julien Cazorla\.m2\repository\com\google\code\findbugs\jsr305\3.0.2\jsr305-3.0.2.jar;C:\Users\Julien Cazorla\.m2\repository\org\ejml\ejml-core\0.38\ejml-core-0.38.jar;C:\Users\Julien Cazorla\.m2\repository\org\ejml\ejml-fdense\0.38\ejml-fdense-0.38.jar;C:\Users\Julien Cazorla\.m2\repository\org\ejml\ejml-ddense\0.38\ejml-ddense-0.38.jar;C:\Users\Julien Cazorla\.m2\repository\org\ejml\ejml-cdense\0.38\ejml-cdense-0.38.jar;C:\Users\Julien Cazorla\.m2\repository\org\ejml\ejml-zdense\0.38\ejml-zdense-0.38.jar;C:\Users\Julien Cazorla\.m2\repository\org\ejml\ejml-dsparse\0.38\ejml-dsparse-0.38.jar;C:\Users\Julien Cazorla\.m2\repository\org\ejml\ejml-simple\0.38\ejml-simple-0.38.jar;C:\Users\Julien Cazorla\.m2\repository\org\slf4j\slf4j-api\1.7.32\slf4j-api-1.7.32.jar;C:\Users\Julien Cazorla\.m2\repository\org\springframework\boot\spring-boot-starter\2.5.6\spring-boot-starter-2.5.6.jar;C:\Users\Julien Cazorla\.m2\repository\org\springframework\boot\spring-boot\2.5.6\spring-boot-2.5.6.jar;C:\Users\Julien Cazorla\.m2\repository\org\springframework\spring-context\5.3.12\spring-context-5.3.12.jar;C:\Users\Julien Cazorla\.m2\repository\org\springframework\spring-aop\5.3.12\spring-aop-5.3.12.jar;C:\Users\Julien Cazorla\.m2\repository\org\springframework\spring-beans\5.3.12\spring-beans-5.3.12.jar;C:\Users\Julien Cazorla\.m2\repository\org\springframework\spring-expression\5.3.12\spring-expression-5.3.12.jar;C:\Users\Julien Cazorla\.m2\repository\org\springframework\boot\spring-boot-autoconfigure\2.5.6\spring-boot-autoconfigure-2.5.6.jar;C:\Users\Julien Cazorla\.m2\repository\jakarta\annotation\
Launcher Type: SUN_STANDARD

[Global flags]
     intx CICompilerCount                          = 4                                         {product} {ergonomic}
     uint ConcGCThreads                            = 2                                         {product} {ergonomic}
     uint G1ConcRefinementThreads                  = 8                                         {product} {ergonomic}
   size_t G1HeapRegionSize                         = 2097152                                   {product} {ergonomic}
    uintx GCDrainStackTargetSize                   = 64                                        {product} {ergonomic}
   size_t InitialHeapSize                          = 268435456                                 {product} {ergonomic}
   size_t MarkStackSize                            = 4194304                                   {product} {ergonomic}
   size_t MaxHeapSize                              = 4280287232                                {product} {ergonomic}
   size_t MaxNewSize                               = 2566914048                                {product} {ergonomic}
   size_t MinHeapDeltaBytes                        = 2097152                                   {product} {ergonomic}
   size_t MinHeapSize                              = 8388608                                   {product} {ergonomic}
    uintx NonNMethodCodeHeapSize                   = 5839372                                {pd product} {ergonomic}
    uintx NonProfiledCodeHeapSize                  = 122909434                              {pd product} {ergonomic}
    uintx ProfiledCodeHeapSize                     = 122909434                              {pd product} {ergonomic}
    uintx ReservedCodeCacheSize                    = 251658240                              {pd product} {ergonomic}
     bool SegmentedCodeCache                       = true                                      {product} {ergonomic}
     bool ShowCodeDetailsInExceptionMessages       = true                                   {manageable} {command line}
   size_t SoftMaxHeapSize                          = 4280287232                             {manageable} {ergonomic}
     bool UseCompressedClassPointers               = true                           {product lp64_product} {ergonomic}
     bool UseCompressedOops                        = true                           {product lp64_product} {ergonomic}
     bool UseG1GC                                  = true                                      {product} {ergonomic}
     bool UseLargePagesIndividualAllocation        = false                                  {pd product} {ergonomic}

Logging:
Log output configuration:
 #0: stdout all=warning uptime,level,tags
 #1: stderr all=off uptime,level,tags

Environment Variables:
PATH=C:/Program Files/Java/jdk-11.0.4/bin/server;C:/Program Files/Java/jdk-11.0.4/bin;C:\Program Files\Common Files\Oracle\Java\javapath;C:\Program Files (x86)\Razer\ChromaBroadcast\bin;C:\Program Files\Razer\ChromaBroadcast\bin;C:\Program Files (x86)\Common Files\Oracle\Java\javapath;C:\Program Files (x86)\Razer Chroma SDK\bin;C:\Program Files\Razer Chroma SDK\bin;C:\Program Files (x86)\Ruby\bin;C:\ProgramData\Oracle\Java\javapath;C:\Program Files (x86)\Intel\iCLS Client\;C:\Program Files\Intel\iCLS Client\;C:\Windows\system32;C:\Windows;C:\Windows\System32\Wbem;C:\Windows\System32\WindowsPowerShell\v1.0\;C:\Program Files (x86)\Intel\Intel(R) Management Engine Components\DAL;C:\Program Files\Intel\Intel(R) Management Engine Components\DAL;C:\Program Files (x86)\Intel\Intel(R) Management Engine Components\IPT;C:\Program Files\Intel\Intel(R) Management Engine Components\IPT;C:\Program Files (x86)\Calibre2\;C:\WINDOWS\system32;C:\WINDOWS;C:\WINDOWS\System32\Wbem;C:\WINDOWS\System32\WindowsPowerShell\v1.0\;C:\Program Files\Ruby\bin;C:\Users\Julien Cazorla\AppData\Local\Microsoft\WindowsApps;C:\WINDOWS\system32\config\systemprofile\AppData\Local\Microsoft\WindowsApps;C:\Program Files\PuTTY\;C:\Program Files\MiKTeX 2.9\miktex\bin\x64\;C:\WINDOWS\System32\OpenSSH\;C:\Program Files\NVIDIA Corporation\NVIDIA NvDLISR;C:\WINDOWS\system32;C:\WINDOWS;C:\WINDOWS\System32\Wbem;C:\WINDOWS\System32\WindowsPowerShell\v1.0\;C:\WINDOWS\System32\OpenSSH\;C:\Program Files\nodejs\;C:\Program Files (x86)\NVIDIA Corporation\PhysX\Common;C:\Program Files\Ruby\bin;C:\Program Files (x86)\Ruby\bin;C:\Users\Julien Cazorla\AppData\Local\Microsoft\WindowsApps;C:\Users\Julien Cazorla\AppData\Local\Programs\Microsoft VS Code\bin;C:\Program Files\JetBrains\IntelliJ IDEA Community Edition 2019.3.1\bin;C:\Users\Julien Cazorla\AppData\Local\Microsoft\WindowsApps;C:\Program Files\keytool;C:\Users\Julien Cazorla\AppData\Roaming\npm;C:\Program Files (x86)\GitHub CLI\;C:\Program Files\Git\bin\git.exe;;C:\User
USERNAME=Julien Cazorla
OS=Windows_NT
PROCESSOR_IDENTIFIER=Intel64 Family 6 Model 94 Stepping 3, GenuineIntel



---------------  S Y S T E M  ---------------

OS:
 Windows 10 , 64 bit Build 19041 (10.0.19041.1348)
OS uptime: 6 days 20:26 hours

CPU: total 8 (initial active 8) (4 cores per cpu, 2 threads per core) family 6 model 94 stepping 3 microcode 0xcc, cx8, cmov, fxsr, ht, mmx, 3dnowpref, sse, sse2, sse3, ssse3, sse4.1, sse4.2, popcnt, lzcnt, tsc, tscinvbit, avx, avx2, aes, erms, clmul, bmi1, bmi2, rtm, adx, fma, vzeroupper, clflush, clflushopt

Memory: 4k page, system-wide physical 16324M (7114M free)
TotalPageFile size 18756M (AvailPageFile size 7285M)
current process WorkingSet (physical memory assigned to process): 102M, peak: 182M
current process commit charge ("private bytes"): 362M, peak: 444M

vm_info: Java HotSpot(TM) 64-Bit Server VM (17.0.1+12-LTS-39) for windows-amd64 JRE (17.0.1+12-LTS-39), built on Sep 27 2021 18:41:35 by "mach5one" with MS VC++ 16.8 (VS2019)

END.
